<?xml version="1.0" encoding="UTF-8"?>
<!-- Generated by org.testng.reporters.JUnitReportReporter -->
<testsuite hostname="jemsnroy" failures="0" tests="3" name="com.qa.fb.Tests.HomeTest" time="41.880" errors="0" timestamp="14 Dec. 2022 18:48:19 GMT" skipped="0">
  <testcase classname="com.qa.fb.Tests.HomeTest" name="vldUsrNameTest" time="17.994"/>
  <testcase classname="com.qa.fb.Tests.HomeTest" name="vldSSTest" time="12.432"/>
  <testcase classname="com.qa.fb.Tests.HomeTest" name="vldMktTest" time="11.454"/>
</testsuite> <!-- com.qa.fb.Tests.HomeTest -->
