<?xml version="1.0" encoding="UTF-8"?>
<!-- Generated by org.testng.reporters.JUnitReportReporter -->
<testsuite hostname="jemsnroy" failures="0" tests="5" name="com.qa.fb.Tests.LoginTest" time="32.345" errors="0" timestamp="14 Dec. 2022 18:48:19 GMT" skipped="0">
  <testcase classname="com.qa.fb.Tests.LoginTest" name="vldLinkTest" time="3.727"/>
  <testcase classname="com.qa.fb.Tests.LoginTest" name="vldTitleTest" time="4.419"/>
  <testcase classname="com.qa.fb.Tests.LoginTest" name="vldElementTest" time="7.013"/>
  <testcase classname="com.qa.fb.Tests.LoginTest" name="vldSSTest" time="4.029"/>
  <testcase classname="com.qa.fb.Tests.LoginTest" name="vldLgnTest" time="13.157"/>
</testsuite> <!-- com.qa.fb.Tests.LoginTest -->
