<?xml version="1.0" encoding="UTF-8"?>
<!-- Generated by org.testng.reporters.JUnitReportReporter -->
<testsuite hostname="jemsnroy" failures="0" tests="2" name="com.qa.fb.Tests.MarketplaceTest" time="30.328" errors="0" timestamp="14 Dec. 2022 18:48:19 GMT" skipped="0">
  <testcase classname="com.qa.fb.Tests.MarketplaceTest" name="vldCLKTest" time="13.608"/>
  <testcase classname="com.qa.fb.Tests.MarketplaceTest" name="vldLgoTest" time="16.720"/>
</testsuite> <!-- com.qa.fb.Tests.MarketplaceTest -->
