<?xml version="1.0" encoding="UTF-8"?>
<!-- Generated by org.testng.reporters.JUnitReportReporter -->
<testsuite hostname="jemsnroy" failures="0" tests="1" name="com.qa.fb.Tests.MarketplaceTest" time="15.400" errors="0" timestamp="14 Dec. 2022 19:31:52 GMT" skipped="0">
  <testcase classname="com.qa.fb.Tests.MarketplaceTest" name="vldCLKTest" time="15.400"/>
</testsuite> <!-- com.qa.fb.Tests.MarketplaceTest -->
