<?xml version="1.0" encoding="UTF-8"?>
<!-- Generated by org.testng.reporters.JUnitReportReporter -->
<testsuite hostname="jemsnroy" failures="0" tests="2" name="com.qa.fb.Tests.RegisterTest" time="10.982" errors="0" timestamp="14 Dec. 2022 18:48:19 GMT" skipped="0">
  <testcase classname="com.qa.fb.Tests.RegisterTest" name="vldCNATest" time="5.532"/>
  <testcase classname="com.qa.fb.Tests.RegisterTest" name="vldCNATest" time="5.450"/>
</testsuite> <!-- com.qa.fb.Tests.RegisterTest -->
